proguard/seeds.txt
com.facebook.FacebookAuthorizationException
com.facebook.FacebookDialogException
com.facebook.FacebookException
com.facebook.FacebookGraphObjectException
com.facebook.FacebookOperationCanceledException
com.facebook.FacebookRequestError
com.facebook.FacebookRequestError$Category
com.facebook.FacebookRequestError$Range
com.facebook.FacebookSdkVersion
com.facebook.FacebookServiceException
com.facebook.GetTokenClient
com.facebook.HttpMethod
com.facebook.InsightsLogger
com.facebook.LegacyHelper
com.facebook.LoggingBehavior
com.facebook.LoginActivity
com.facebook.LoginActivity$1
com.facebook.LoginActivity$2
com.facebook.NativeAppCallAttachmentStore
com.facebook.NativeAppCallAttachmentStore$1
com.facebook.NativeAppCallAttachmentStore$2
com.facebook.NativeAppCallAttachmentStore$ProcessAttachment
com.facebook.NativeAppCallContentProvider
com.facebook.NativeAppCallContentProvider$AttachmentDataSource
com.facebook.NonCachingTokenCachingStrategy
com.facebook.Request
com.facebook.Request$1
com.facebook.Request$2
com.facebook.Request$3
com.facebook.Request$4
com.facebook.Request$5
com.facebook.Request$Callback
com.facebook.Request$GraphPlaceListCallback
com.facebook.Request$GraphUserCallback
com.facebook.Request$GraphUserListCallback
com.facebook.Request$KeyValueSerializer
com.facebook.Request$ParcelFileDescriptorWithMimeType
com.facebook.Request$ParcelFileDescriptorWithMimeType$1
com.facebook.Request$Serializer
com.facebook.RequestAsyncTask
com.facebook.RequestBatch
com.facebook.RequestBatch$Callback
com.facebook.ResContainer
com.facebook.ResContainer$ResType
com.facebook.ResContainer$ResType$1
com.facebook.ResContainer$ResType$2
com.facebook.ResContainer$ResType$3
com.facebook.ResContainer$ResType$4
com.facebook.ResContainer$ResType$5
com.facebook.ResContainer$ResType$6
com.facebook.ResContainer$ResType$7
com.facebook.ResContainer$ResType$8
com.facebook.ResContainer$ResType$9
com.facebook.ResContainer$SocializeResource
com.facebook.Response
com.facebook.Response$PagedResults
com.facebook.Response$PagingDirection
com.facebook.Response$PagingInfo
com.facebook.Session
com.facebook.Session$1
com.facebook.Session$2
com.facebook.Session$3
com.facebook.Session$3$1
com.facebook.Session$AuthorizationRequest
com.facebook.Session$AuthorizationRequest$1
com.facebook.Session$AuthorizationRequest$2
com.facebook.Session$AuthorizationRequest$3
com.facebook.Session$AuthorizationRequest$4
com.facebook.Session$AuthorizationRequest$AuthRequestSerializationProxyV1
com.facebook.Session$AutoPublishAsyncTask
com.facebook.Session$Builder
com.facebook.Session$NewPermissionsRequest
com.facebook.Session$OpenRequest
com.facebook.Session$SerializationProxyV1
com.facebook.Session$StartActivityDelegate
com.facebook.Session$StatusCallback
com.facebook.Session$TokenRefreshRequest
com.facebook.Session$TokenRefreshRequestHandler
com.facebook.SessionDefaultAudience
com.facebook.SessionLoginBehavior
com.facebook.SessionState
com.facebook.SessionState$Category
com.facebook.Settings
com.facebook.Settings$1
com.facebook.Settings$2
com.facebook.Settings$2$1
com.facebook.SharedPreferencesTokenCachingStrategy
com.facebook.TestSession
com.facebook.TestSession$FqlResponse
com.facebook.TestSession$FqlResult
com.facebook.TestSession$Mode
com.facebook.TestSession$TestAccount
com.facebook.TestSession$TestTokenCachingStrategy
com.facebook.TestSession$UserAccount
com.facebook.TokenCachingStrategy
com.facebook.UiLifecycleHelper
com.facebook.UiLifecycleHelper$ActiveSessionBroadcastReceiver
com.facebook.android.AsyncFacebookRunner
com.facebook.android.AsyncFacebookRunner$1
com.facebook.android.AsyncFacebookRunner$2
com.facebook.android.AsyncFacebookRunner$RequestListener
com.facebook.android.DialogError
com.facebook.android.Facebook
com.facebook.android.Facebook$1
com.facebook.android.Facebook$DialogListener
com.facebook.android.Facebook$ServiceListener
com.facebook.android.Facebook$SetterTokenCachingStrategy
com.facebook.android.Facebook$TokenRefreshConnectionHandler