proguard/mapping.txt
com.jeremyfeinstein.slidingmenu.lib.CustomViewAbove$SimpleOnPageChangeListener -> com.jeremyfeinstein.slidingmenu.lib.h$b:
    139:139:void onPageScrolled(int,float,int) -> a
    143:143:void onPageSelected(int) -> a
    147:147:void onPageScrollStateChanged(int) -> b
com.jeremyfeinstein.slidingmenu.lib.CustomViewBehind -> com.jeremyfeinstein.slidingmenu.lib.k:
    java.lang.String TAG -> a
    int MARGIN_THRESHOLD -> b
    int mTouchMode -> c
    com.jeremyfeinstein.slidingmenu.lib.CustomViewAbove mViewAbove -> d
    android.view.View mContent -> e
    android.view.View mSecondaryContent -> f
    int mMarginThreshold -> g
    int mWidthOffset -> h
    com.jeremyfeinstein.slidingmenu.lib.SlidingMenu$CanvasTransformer mTransformer -> i
    boolean mChildrenEnabled -> j
    int mMode -> k
    boolean mFadeEnabled -> l
    android.graphics.Paint mFadePaint -> m
    float mScrollScale -> n
    android.graphics.drawable.Drawable mShadowDrawable -> o
    android.graphics.drawable.Drawable mSecondaryShadowDrawable -> p
    int mShadowWidth -> q
    float mFadeDegree -> r
    boolean mSelectorEnabled -> s
    android.graphics.Bitmap mSelectorDrawable -> t
    android.view.View mSelectedView -> u
    45:46:void setCustomViewAbove(com.jeremyfeinstein.slidingmenu.lib.CustomViewAbove) -> a
    49:50:void setCanvasTransformer(com.jeremyfeinstein.slidingmenu.lib.SlidingMenu$CanvasTransformer) -> a
    53:55:void setWidthOffset(int) -> a
    58:59:void setMarginThreshold(int) -> b
    62:62:int getMarginThreshold() -> a
    66:66:int getBehindWidth() -> b
    70:74:void setContent(android.view.View) -> a
    77:77:android.view.View getContent() -> c
    85:89:void setSecondaryContent(android.view.View) -> b
com.jeremyfeinstein.slidingmenu.lib.MenuInterface -> com.jeremyfeinstein.slidingmenu.lib.l:
    void scrollBehindTo(int,int,com.jeremyfeinstein.slidingmenu.lib.CustomViewBehind,float) -> a
    int getMenuLeft(com.jeremyfeinstein.slidingmenu.lib.CustomViewBehind,android.view.View) -> a
    int getAbsLeftBound(com.jeremyfeinstein.slidingmenu.lib.CustomViewBehind,android.view.View) -> b
    int getAbsRightBound(com.jeremyfeinstein.slidingmenu.lib.CustomViewBehind,android.view.View) -> c
    boolean marginTouchAllowed(android.view.View,int,int) -> a
    boolean menuOpenTouchAllowed(android.view.View,int,int) -> b
    boolean menuTouchInQuickReturn(android.view.View,int,int) -> c
    boolean menuClosedSlideAllowed(int) -> a
    boolean menuOpenSlideAllowed(int) -> b
    void drawShadow(android.graphics.Canvas,android.graphics.drawable.Drawable,int) -> a
    void drawFade(android.graphics.Canvas,int,com.jeremyfeinstein.slidingmenu.lib.CustomViewBehind,android.view.View) -> a
    void drawSelector(android.view.View,android.graphics.Canvas,float) -> a
com.jeremyfeinstein.slidingmenu.lib.R -> com.jeremyfeinstein.slidingmenu.lib.m: